/*C1*/SET SCHEMA PUBLIC
CONNECT USER SA
drop table Commentaire_cinema if exists
drop table Utilisateur if exists
create table Commentaire_cinema (id bigint generated by default as identity (start with 1), date date, id_cinema varchar(255), texte varchar(255), id_utilisateur bigint, primary key (id))
create table Utilisateur (id bigint generated by default as identity (start with 1), adresse varchar(255), code_postal varchar(255), id_droit integer not null, login varchar(255), mdp varchar(255), pseudo varchar(255), ville varchar(255), primary key (id))
alter table Commentaire_cinema add constraint FKBE1B9FB67990811D foreign key (id_utilisateur) references Utilisateur
SET AUTOCOMMIT FALSE
/*C2*/SET SCHEMA PUBLIC
CONNECT USER SA
alter table Commentaire_cinema drop constraint FKBE1B9FB67990811D
drop table Commentaire_cinema if exists
drop table Utilisateur if exists
create table Commentaire_cinema (id bigint generated by default as identity (start with 1), date date, id_cinema varchar(255), texte varchar(255), id_utilisateur bigint, primary key (id))
create table Utilisateur (id bigint generated by default as identity (start with 1), adresse varchar(255), code_postal varchar(255), id_droit integer not null, login varchar(255), mdp varchar(255), pseudo varchar(255), ville varchar(255), primary key (id))
alter table Commentaire_cinema add constraint FKBE1B9FB67990811D foreign key (id_utilisateur) references Utilisateur
SET AUTOCOMMIT FALSE
/*C1*/INSERT INTO COMMENTAIRE_CINEMA VALUES(1,NULL,NULL,NULL,NULL)
/*C3*/SET SCHEMA PUBLIC
CONNECT USER SA
alter table Commentaire_cinema drop constraint FKBE1B9FB67990811D
drop table Commentaire_cinema if exists
drop table Utilisateur if exists
create table Commentaire_cinema (id bigint generated by default as identity (start with 1), date date, id_cinema varchar(255), texte varchar(255), id_utilisateur bigint, primary key (id))
create table Utilisateur (id bigint generated by default as identity (start with 1), adresse varchar(255), code_postal varchar(255), id_droit integer not null, login varchar(255), mdp varchar(255), pseudo varchar(255), ville varchar(255), primary key (id))
alter table Commentaire_cinema add constraint FKBE1B9FB67990811D foreign key (id_utilisateur) references Utilisateur
SET AUTOCOMMIT FALSE
/*C4*/SET SCHEMA PUBLIC
CONNECT USER SA
alter table Commentaire_cinema drop constraint FKBE1B9FB67990811D
drop table Commentaire_cinema if exists
drop table Utilisateur if exists
create table Commentaire_cinema (id bigint generated by default as identity (start with 1), date date, id_cinema varchar(255), texte varchar(255), id_utilisateur bigint, primary key (id))
create table Utilisateur (id bigint generated by default as identity (start with 1), adresse varchar(255), code_postal varchar(255), id_droit integer not null, login varchar(255), mdp varchar(255), pseudo varchar(255), ville varchar(255), primary key (id))
alter table Commentaire_cinema add constraint FKBE1B9FB67990811D foreign key (id_utilisateur) references Utilisateur
SET AUTOCOMMIT FALSE
INSERT INTO UTILISATEUR VALUES(1,NULL,NULL,1,'login','mdp','pseudo',NULL)
/*C3*/INSERT INTO COMMENTAIRE_CINEMA VALUES(1,'2012-12-07','1','texte',1)
/*C5*/SET SCHEMA PUBLIC
CONNECT USER SA
alter table Commentaire_cinema drop constraint FKBE1B9FB67990811D
drop table Commentaire_cinema if exists
drop table Utilisateur if exists
create table Commentaire_cinema (id bigint generated by default as identity (start with 1), date date, id_cinema varchar(255), texte varchar(255), id_utilisateur bigint, primary key (id))
create table Utilisateur (id bigint generated by default as identity (start with 1), adresse varchar(255), code_postal varchar(255), id_droit integer not null, login varchar(255), mdp varchar(255), pseudo varchar(255), ville varchar(255), primary key (id))
alter table Commentaire_cinema add constraint FKBE1B9FB67990811D foreign key (id_utilisateur) references Utilisateur
SET AUTOCOMMIT FALSE
/*C3*/ROLLBACK
DISCONNECT
/*C4*/ROLLBACK
DISCONNECT
/*C6*/SET SCHEMA PUBLIC
CONNECT USER SA
alter table Commentaire_cinema drop constraint FKBE1B9FB67990811D
drop table Commentaire_cinema if exists
drop table Utilisateur if exists
create table Commentaire_cinema (id bigint generated by default as identity (start with 1), date date, id_cinema varchar(255), texte varchar(255), id_utilisateur bigint, primary key (id))
create table Utilisateur (id bigint generated by default as identity (start with 1), adresse varchar(255), code_postal varchar(255), id_droit integer not null, login varchar(255), mdp varchar(255), pseudo varchar(255), ville varchar(255), primary key (id))
alter table Commentaire_cinema add constraint FKBE1B9FB67990811D foreign key (id_utilisateur) references Utilisateur
SET AUTOCOMMIT FALSE
/*C7*/SET SCHEMA PUBLIC
CONNECT USER SA
alter table Commentaire_cinema drop constraint FKBE1B9FB67990811D
drop table Commentaire_cinema if exists
drop table Utilisateur if exists
create table Commentaire_cinema (id bigint generated by default as identity (start with 1), date date, id_cinema varchar(255), texte varchar(255), id_utilisateur bigint, primary key (id))
create table Utilisateur (id bigint generated by default as identity (start with 1), adresse varchar(255), code_postal varchar(255), id_droit integer not null, login varchar(255), mdp varchar(255), pseudo varchar(255), ville varchar(255), primary key (id))
alter table Commentaire_cinema add constraint FKBE1B9FB67990811D foreign key (id_utilisateur) references Utilisateur
SET AUTOCOMMIT FALSE
/*C8*/SET SCHEMA PUBLIC
CONNECT USER SA
alter table Commentaire_cinema drop constraint FKBE1B9FB67990811D
drop table Commentaire_cinema if exists
drop table Utilisateur if exists
create table Commentaire_cinema (id bigint generated by default as identity (start with 1), date date, id_cinema varchar(255), texte varchar(255), id_utilisateur bigint, primary key (id))
create table Utilisateur (id bigint generated by default as identity (start with 1), adresse varchar(255), code_postal varchar(255), id_droit integer not null, login varchar(255), mdp varchar(255), pseudo varchar(255), ville varchar(255), primary key (id))
alter table Commentaire_cinema add constraint FKBE1B9FB67990811D foreign key (id_utilisateur) references Utilisateur
SET AUTOCOMMIT FALSE
INSERT INTO UTILISATEUR VALUES(1,NULL,NULL,1,'login','mdp','pseudo',NULL)
/*C7*/INSERT INTO COMMENTAIRE_CINEMA VALUES(1,'2012-12-07','1','texte',1)
/*C9*/SET SCHEMA PUBLIC
CONNECT USER SA
alter table Commentaire_cinema drop constraint FKBE1B9FB67990811D
drop table Commentaire_cinema if exists
drop table Utilisateur if exists
create table Commentaire_cinema (id bigint generated by default as identity (start with 1), date date, id_cinema varchar(255), texte varchar(255), id_utilisateur bigint, primary key (id))
create table Utilisateur (id bigint generated by default as identity (start with 1), adresse varchar(255), code_postal varchar(255), id_droit integer not null, login varchar(255), mdp varchar(255), pseudo varchar(255), ville varchar(255), primary key (id))
alter table Commentaire_cinema add constraint FKBE1B9FB67990811D foreign key (id_utilisateur) references Utilisateur
SET AUTOCOMMIT FALSE
INSERT INTO UTILISATEUR VALUES(1,NULL,NULL,0,NULL,NULL,NULL,NULL)
ROLLBACK
DISCONNECT
/*C8*/ROLLBACK
DISCONNECT
/*C5*/DISCONNECT
/*C6*/DISCONNECT
/*C7*/ROLLBACK
DISCONNECT
/*C10*/SET SCHEMA PUBLIC
CONNECT USER SA
alter table Commentaire_cinema drop constraint FKBE1B9FB67990811D
drop table Commentaire_cinema if exists
drop table Utilisateur if exists
create table Commentaire_cinema (id bigint generated by default as identity (start with 1), date date, id_cinema varchar(255), texte varchar(255), id_utilisateur bigint, primary key (id))
create table Utilisateur (id bigint generated by default as identity (start with 1), adresse varchar(255), code_postal varchar(255), id_droit integer not null, login varchar(255), mdp varchar(255), pseudo varchar(255), ville varchar(255), primary key (id))
alter table Commentaire_cinema add constraint FKBE1B9FB67990811D foreign key (id_utilisateur) references Utilisateur
SET AUTOCOMMIT FALSE
INSERT INTO UTILISATEUR VALUES(1,NULL,NULL,1,'login','mdp','pseudo',NULL)
/*C11*/SET SCHEMA PUBLIC
CONNECT USER SA
alter table Commentaire_cinema drop constraint FKBE1B9FB67990811D
drop table Commentaire_cinema if exists
drop table Utilisateur if exists
create table Commentaire_cinema (id bigint generated by default as identity (start with 1), date date, id_cinema varchar(255), texte varchar(255), id_utilisateur bigint, primary key (id))
create table Utilisateur (id bigint generated by default as identity (start with 1), adresse varchar(255), code_postal varchar(255), id_droit integer not null, login varchar(255), mdp varchar(255), pseudo varchar(255), ville varchar(255), primary key (id))
alter table Commentaire_cinema add constraint FKBE1B9FB67990811D foreign key (id_utilisateur) references Utilisateur
SET AUTOCOMMIT FALSE
/*C12*/SET SCHEMA PUBLIC
CONNECT USER SA
alter table Commentaire_cinema drop constraint FKBE1B9FB67990811D
drop table Commentaire_cinema if exists
drop table Utilisateur if exists
create table Commentaire_cinema (id bigint generated by default as identity (start with 1), date date, id_cinema varchar(255), texte varchar(255), id_utilisateur bigint, primary key (id))
create table Utilisateur (id bigint generated by default as identity (start with 1), adresse varchar(255), code_postal varchar(255), id_droit integer not null, login varchar(255), mdp varchar(255), pseudo varchar(255), ville varchar(255), primary key (id))
alter table Commentaire_cinema add constraint FKBE1B9FB67990811D foreign key (id_utilisateur) references Utilisateur
SET AUTOCOMMIT FALSE
INSERT INTO UTILISATEUR VALUES(1,NULL,NULL,1,'login','mdp','pseudo',NULL)
/*C10*/ROLLBACK
DISCONNECT
/*C11*/DISCONNECT
/*C12*/ROLLBACK
DISCONNECT
/*C13*/SET SCHEMA PUBLIC
CONNECT USER SA
alter table Commentaire_cinema drop constraint FKBE1B9FB67990811D
drop table Commentaire_cinema if exists
drop table Utilisateur if exists
create table Commentaire_cinema (id bigint generated by default as identity (start with 1), date date, id_cinema varchar(255), texte varchar(255), id_utilisateur bigint, primary key (id))
create table Utilisateur (id bigint generated by default as identity (start with 1), adresse varchar(255), code_postal varchar(255), id_droit integer not null, login varchar(255), mdp varchar(255), pseudo varchar(255), ville varchar(255), primary key (id))
alter table Commentaire_cinema add constraint FKBE1B9FB67990811D foreign key (id_utilisateur) references Utilisateur
SET AUTOCOMMIT FALSE
/*C14*/SET SCHEMA PUBLIC
CONNECT USER SA
alter table Commentaire_cinema drop constraint FKBE1B9FB67990811D
drop table Commentaire_cinema if exists
drop table Utilisateur if exists
create table Commentaire_cinema (id bigint generated by default as identity (start with 1), date date, id_cinema varchar(255), texte varchar(255), id_utilisateur bigint, primary key (id))
create table Utilisateur (id bigint generated by default as identity (start with 1), adresse varchar(255), code_postal varchar(255), id_droit integer not null, login varchar(255), mdp varchar(255), pseudo varchar(255), ville varchar(255), primary key (id))
alter table Commentaire_cinema add constraint FKBE1B9FB67990811D foreign key (id_utilisateur) references Utilisateur
SET AUTOCOMMIT FALSE
/*C15*/SET SCHEMA PUBLIC
CONNECT USER SA
alter table Commentaire_cinema drop constraint FKBE1B9FB67990811D
drop table Commentaire_cinema if exists
drop table Utilisateur if exists
create table Commentaire_cinema (id bigint generated by default as identity (start with 1), date date, id_cinema varchar(255), texte varchar(255), id_utilisateur bigint, primary key (id))
create table Utilisateur (id bigint generated by default as identity (start with 1), adresse varchar(255), code_postal varchar(255), id_droit integer not null, login varchar(255), mdp varchar(255), pseudo varchar(255), ville varchar(255), primary key (id))
alter table Commentaire_cinema add constraint FKBE1B9FB67990811D foreign key (id_utilisateur) references Utilisateur
SET AUTOCOMMIT FALSE
/*C16*/SET SCHEMA PUBLIC
CONNECT USER SA
alter table Commentaire_cinema drop constraint FKBE1B9FB67990811D
drop table Commentaire_cinema if exists
drop table Utilisateur if exists
create table Commentaire_cinema (id bigint generated by default as identity (start with 1), date date, id_cinema varchar(255), texte varchar(255), id_utilisateur bigint, primary key (id))
create table Utilisateur (id bigint generated by default as identity (start with 1), adresse varchar(255), code_postal varchar(255), id_droit integer not null, login varchar(255), mdp varchar(255), pseudo varchar(255), ville varchar(255), primary key (id))
alter table Commentaire_cinema add constraint FKBE1B9FB67990811D foreign key (id_utilisateur) references Utilisateur
SET AUTOCOMMIT FALSE
/*C17*/SET SCHEMA PUBLIC
CONNECT USER SA
alter table Commentaire_cinema drop constraint FKBE1B9FB67990811D
drop table Commentaire_cinema if exists
drop table Utilisateur if exists
create table Commentaire_cinema (id bigint generated by default as identity (start with 1), date date, id_cinema varchar(255), texte varchar(255), id_utilisateur bigint, primary key (id))
create table Utilisateur (id bigint generated by default as identity (start with 1), adresse varchar(255), code_postal varchar(255), id_droit integer not null, login varchar(255), mdp varchar(255), pseudo varchar(255), ville varchar(255), primary key (id))
alter table Commentaire_cinema add constraint FKBE1B9FB67990811D foreign key (id_utilisateur) references Utilisateur
SET AUTOCOMMIT FALSE
/*C18*/SET SCHEMA PUBLIC
CONNECT USER SA
alter table Commentaire_cinema drop constraint FKBE1B9FB67990811D
drop table Commentaire_cinema if exists
drop table Utilisateur if exists
create table Commentaire_cinema (id bigint generated by default as identity (start with 1), date date, id_cinema varchar(255), texte varchar(255), id_utilisateur bigint, primary key (id))
create table Utilisateur (id bigint generated by default as identity (start with 1), adresse varchar(255), code_postal varchar(255), id_droit integer not null, login varchar(255), mdp varchar(255), pseudo varchar(255), ville varchar(255), primary key (id))
alter table Commentaire_cinema add constraint FKBE1B9FB67990811D foreign key (id_utilisateur) references Utilisateur
SET AUTOCOMMIT FALSE
/*C19*/SET SCHEMA PUBLIC
CONNECT USER SA
alter table Commentaire_cinema drop constraint FKBE1B9FB67990811D
drop table Commentaire_cinema if exists
drop table Utilisateur if exists
create table Commentaire_cinema (id bigint generated by default as identity (start with 1), date date, id_cinema varchar(255), texte varchar(255), id_utilisateur bigint, primary key (id))
create table Utilisateur (id bigint generated by default as identity (start with 1), adresse varchar(255), code_postal varchar(255), id_droit integer not null, login varchar(255), mdp varchar(255), pseudo varchar(255), ville varchar(255), primary key (id))
alter table Commentaire_cinema add constraint FKBE1B9FB67990811D foreign key (id_utilisateur) references Utilisateur
SET AUTOCOMMIT FALSE
/*C20*/SET SCHEMA PUBLIC
CONNECT USER SA
alter table Commentaire_cinema drop constraint FKBE1B9FB67990811D
drop table Commentaire_cinema if exists
drop table Utilisateur if exists
create table Commentaire_cinema (id bigint generated by default as identity (start with 1), date date, id_cinema varchar(255), texte varchar(255), id_utilisateur bigint, primary key (id))
create table Utilisateur (id bigint generated by default as identity (start with 1), adresse varchar(255), code_postal varchar(255), id_droit integer not null, login varchar(255), mdp varchar(255), pseudo varchar(255), ville varchar(255), primary key (id))
alter table Commentaire_cinema add constraint FKBE1B9FB67990811D foreign key (id_utilisateur) references Utilisateur
SET AUTOCOMMIT FALSE
/*C21*/SET SCHEMA PUBLIC
CONNECT USER SA
